0 info it worked if it ends with ok
1 verbose cli [ '/usr/local/bin/node', '/usr/bin/npm', 'run', 'start' ]
2 info using npm@3.10.10
3 info using node@v7.8.0
4 verbose run-script [ 'prestart', 'start', 'poststart' ]
5 info lifecycle sails-react-webpack@0.2.0~prestart: sails-react-webpack@0.2.0
6 silly lifecycle sails-react-webpack@0.2.0~prestart: no script for prestart, continuing
7 info lifecycle sails-react-webpack@0.2.0~start: sails-react-webpack@0.2.0
8 verbose lifecycle sails-react-webpack@0.2.0~start: unsafe-perm in lifecycle true
9 verbose lifecycle sails-react-webpack@0.2.0~start: PATH: /usr/lib/node_modules/npm/bin/node-gyp-bin:/home/arthur/Documents/git/stylo/sails/node_modules/.bin:/usr/local/sbin:/usr/local/bin:/usr/sbin:/usr/bin:/sbin:/bin:/usr/games:/usr/local/games:/snap/bin
10 verbose lifecycle sails-react-webpack@0.2.0~start: CWD: /home/arthur/Documents/git/stylo/sails
11 silly lifecycle sails-react-webpack@0.2.0~start: Args: [ '-c', 'sails lift --prod' ]
12 silly lifecycle sails-react-webpack@0.2.0~start: Returned: code: 1  signal: null
13 info lifecycle sails-react-webpack@0.2.0~start: Failed to exec start script
14 verbose stack Error: sails-react-webpack@0.2.0 start: `sails lift --prod`
14 verbose stack Exit status 1
14 verbose stack     at EventEmitter.<anonymous> (/usr/lib/node_modules/npm/lib/utils/lifecycle.js:255:16)
14 verbose stack     at emitTwo (events.js:106:13)
14 verbose stack     at EventEmitter.emit (events.js:194:7)
14 verbose stack     at ChildProcess.<anonymous> (/usr/lib/node_modules/npm/lib/utils/spawn.js:40:14)
14 verbose stack     at emitTwo (events.js:106:13)
14 verbose stack     at ChildProcess.emit (events.js:194:7)
14 verbose stack     at maybeClose (internal/child_process.js:899:16)
14 verbose stack     at Process.ChildProcess._handle.onexit (internal/child_process.js:226:5)
15 verbose pkgid sails-react-webpack@0.2.0
16 verbose cwd /home/arthur/Documents/git/stylo/sails
17 error Linux 4.4.0-78-generic
18 error argv "/usr/local/bin/node" "/usr/bin/npm" "run" "start"
19 error node v7.8.0
20 error npm  v3.10.10
21 error code ELIFECYCLE
22 error sails-react-webpack@0.2.0 start: `sails lift --prod`
22 error Exit status 1
23 error Failed at the sails-react-webpack@0.2.0 start script 'sails lift --prod'.
23 error Make sure you have the latest version of node.js and npm installed.
23 error If you do, this is most likely a problem with the sails-react-webpack package,
23 error not with npm itself.
23 error Tell the author that this fails on your system:
23 error     sails lift --prod
23 error You can get information on how to open an issue for this project with:
23 error     npm bugs sails-react-webpack
23 error Or if that isn't available, you can get their info via:
23 error     npm owner ls sails-react-webpack
23 error There is likely additional logging output above.
24 verbose exit [ 1, true ]
